Analysis & Synthesis report for PWM
Wed May 26 16:36:14 2021
Quartus II 32-bit Version 13.1.0 Build 162 10/23/2013 SJ Web Edition


---------------------
; Table of Contents ;
---------------------
  1. Legal Notice
  2. Analysis & Synthesis Summary
  3. Analysis & Synthesis Settings
  4. Parallel Compilation
  5. Analysis & Synthesis Source Files Read
  6. Analysis & Synthesis Resource Usage Summary
  7. Analysis & Synthesis Resource Utilization by Entity
  8. Registers Removed During Synthesis
  9. General Register Statistics
 10. Parameter Settings for User Entity Instance: FDIV:FDIV_DUTY_comp
 11. Parameter Settings for User Entity Instance: FDIV:FDIV_PWM_comp
 12. Elapsed Time Per Partition
 13. Analysis & Synthesis Messages



----------------
; Legal Notice ;
----------------
Copyright (C) 1991-2013 Altera Corporation
Your use of Altera Corporation's design tools, logic functions 
and other software and tools, and its AMPP partner logic 
functions, and any output files from any of the foregoing 
(including device programming or simulation files), and any 
associated documentation or information are expressly subject 
to the terms and conditions of the Altera Program License 
Subscription Agreement, Altera MegaCore Function License 
Agreement, or other applicable license agreement, including, 
without limitation, that your use is for the sole purpose of 
programming logic devices manufactured by Altera and sold by 
Altera or its authorized distributors.  Please refer to the 
applicable agreement for further details.



+---------------------------------------------------------------------------------+
; Analysis & Synthesis Summary                                                    ;
+------------------------------------+--------------------------------------------+
; Analysis & Synthesis Status        ; Successful - Wed May 26 16:36:14 2021      ;
; Quartus II 32-bit Version          ; 13.1.0 Build 162 10/23/2013 SJ Web Edition ;
; Revision Name                      ; PWM                                        ;
; Top-level Entity Name              ; toplevel                                   ;
; Family                             ; Cyclone IV E                               ;
; Total logic elements               ; 61                                         ;
;     Total combinational functions  ; 61                                         ;
;     Dedicated logic registers      ; 39                                         ;
; Total registers                    ; 39                                         ;
; Total pins                         ; 48                                         ;
; Total virtual pins                 ; 0                                          ;
; Total memory bits                  ; 0                                          ;
; Embedded Multiplier 9-bit elements ; 0                                          ;
; Total PLLs                         ; 0                                          ;
+------------------------------------+--------------------------------------------+


+----------------------------------------------------------------------------------------------------------------------+
; Analysis & Synthesis Settings                                                                                        ;
+----------------------------------------------------------------------------+--------------------+--------------------+
; Option                                                                     ; Setting            ; Default Value      ;
+----------------------------------------------------------------------------+--------------------+--------------------+
; Device                                                                     ; EP4CE22F17C6       ;                    ;
; Top-level entity name                                                      ; toplevel           ; PWM                ;
; Family name                                                                ; Cyclone IV E       ; Cyclone IV GX      ;
; Use smart compilation                                                      ; Off                ; Off                ;
; Enable parallel Assembler and TimeQuest Timing Analyzer during compilation ; On                 ; On                 ;
; Enable compact report table                                                ; Off                ; Off                ;
; Restructure Multiplexers                                                   ; Auto               ; Auto               ;
; Create Debugging Nodes for IP Cores                                        ; Off                ; Off                ;
; Preserve fewer node names                                                  ; On                 ; On                 ;
; Disable OpenCore Plus hardware evaluation                                  ; Off                ; Off                ;
; Verilog Version                                                            ; Verilog_2001       ; Verilog_2001       ;
; VHDL Version                                                               ; VHDL_1993          ; VHDL_1993          ;
; State Machine Processing                                                   ; Auto               ; Auto               ;
; Safe State Machine                                                         ; Off                ; Off                ;
; Extract Verilog State Machines                                             ; On                 ; On                 ;
; Extract VHDL State Machines                                                ; On                 ; On                 ;
; Ignore Verilog initial constructs                                          ; Off                ; Off                ;
; Iteration limit for constant Verilog loops                                 ; 5000               ; 5000               ;
; Iteration limit for non-constant Verilog loops                             ; 250                ; 250                ;
; Add Pass-Through Logic to Inferred RAMs                                    ; On                 ; On                 ;
; Infer RAMs from Raw Logic                                                  ; On                 ; On                 ;
; Parallel Synthesis                                                         ; On                 ; On                 ;
; DSP Block Balancing                                                        ; Auto               ; Auto               ;
; NOT Gate Push-Back                                                         ; On                 ; On                 ;
; Power-Up Don't Care                                                        ; On                 ; On                 ;
; Remove Redundant Logic Cells                                               ; Off                ; Off                ;
; Remove Duplicate Registers                                                 ; On                 ; On                 ;
; Ignore CARRY Buffers                                                       ; Off                ; Off                ;
; Ignore CASCADE Buffers                                                     ; Off                ; Off                ;
; Ignore GLOBAL Buffers                                                      ; Off                ; Off                ;
; Ignore ROW GLOBAL Buffers                                                  ; Off                ; Off                ;
; Ignore LCELL Buffers                                                       ; Off                ; Off                ;
; Ignore SOFT Buffers                                                        ; On                 ; On                 ;
; Limit AHDL Integers to 32 Bits                                             ; Off                ; Off                ;
; Optimization Technique                                                     ; Balanced           ; Balanced           ;
; Carry Chain Length                                                         ; 70                 ; 70                 ;
; Auto Carry Chains                                                          ; On                 ; On                 ;
; Auto Open-Drain Pins                                                       ; On                 ; On                 ;
; Perform WYSIWYG Primitive Resynthesis                                      ; Off                ; Off                ;
; Auto ROM Replacement                                                       ; On                 ; On                 ;
; Auto RAM Replacement                                                       ; On                 ; On                 ;
; Auto DSP Block Replacement                                                 ; On                 ; On                 ;
; Auto Shift Register Replacement                                            ; Auto               ; Auto               ;
; Allow Shift Register Merging across Hierarchies                            ; Auto               ; Auto               ;
; Auto Clock Enable Replacement                                              ; On                 ; On                 ;
; Strict RAM Replacement                                                     ; Off                ; Off                ;
; Allow Synchronous Control Signals                                          ; On                 ; On                 ;
; Force Use of Synchronous Clear Signals                                     ; Off                ; Off                ;
; Auto RAM Block Balancing                                                   ; On                 ; On                 ;
; Auto RAM to Logic Cell Conversion                                          ; Off                ; Off                ;
; Auto Resource Sharing                                                      ; Off                ; Off                ;
; Allow Any RAM Size For Recognition                                         ; Off                ; Off                ;
; Allow Any ROM Size For Recognition                                         ; Off                ; Off                ;
; Allow Any Shift Register Size For Recognition                              ; Off                ; Off                ;
; Use LogicLock Constraints during Resource Balancing                        ; On                 ; On                 ;
; Ignore translate_off and synthesis_off directives                          ; Off                ; Off                ;
; Timing-Driven Synthesis                                                    ; On                 ; On                 ;
; Report Parameter Settings                                                  ; On                 ; On                 ;
; Report Source Assignments                                                  ; On                 ; On                 ;
; Report Connectivity Checks                                                 ; On                 ; On                 ;
; Ignore Maximum Fan-Out Assignments                                         ; Off                ; Off                ;
; Synchronization Register Chain Length                                      ; 2                  ; 2                  ;
; PowerPlay Power Optimization                                               ; Normal compilation ; Normal compilation ;
; HDL message level                                                          ; Level2             ; Level2             ;
; Suppress Register Optimization Related Messages                            ; Off                ; Off                ;
; Number of Removed Registers Reported in Synthesis Report                   ; 5000               ; 5000               ;
; Number of Swept Nodes Reported in Synthesis Report                         ; 5000               ; 5000               ;
; Number of Inverted Registers Reported in Synthesis Report                  ; 100                ; 100                ;
; Clock MUX Protection                                                       ; On                 ; On                 ;
; Auto Gated Clock Conversion                                                ; Off                ; Off                ;
; Block Design Naming                                                        ; Auto               ; Auto               ;
; SDC constraint protection                                                  ; Off                ; Off                ;
; Synthesis Effort                                                           ; Auto               ; Auto               ;
; Shift Register Replacement - Allow Asynchronous Clear Signal               ; On                 ; On                 ;
; Pre-Mapping Resynthesis Optimization                                       ; Off                ; Off                ;
; Analysis & Synthesis Message Level                                         ; Medium             ; Medium             ;
; Disable Register Merging Across Hierarchies                                ; Auto               ; Auto               ;
; Resource Aware Inference For Block RAM                                     ; On                 ; On                 ;
; Synthesis Seed                                                             ; 1                  ; 1                  ;
+----------------------------------------------------------------------------+--------------------+--------------------+


+------------------------------------------+
; Parallel Compilation                     ;
+----------------------------+-------------+
; Processors                 ; Number      ;
+----------------------------+-------------+
; Number detected on machine ; 8           ;
; Maximum allowed            ; 4           ;
;                            ;             ;
; Average used               ; 1.00        ;
; Maximum used               ; 2           ;
;                            ;             ;
; Usage by Processor         ; % Time Used ;
;     Processor 1            ; 100.0%      ;
;     Processor 2            ; < 0.1%      ;
;     Processors 3-8         ;   0.0%      ;
+----------------------------+-------------+


+-----------------------------------------------------------------------------------------------------------------------------------+
; Analysis & Synthesis Source Files Read                                                                                            ;
+----------------------------------+-----------------+-----------------+--------------------------------------------------+---------+
; File Name with User-Entered Path ; Used in Netlist ; File Type       ; File Name with Absolute Path                     ; Library ;
+----------------------------------+-----------------+-----------------+--------------------------------------------------+---------+
; toplevel.vhd                     ; yes             ; User VHDL File  ; /home/esl22/git/ESL_lab/PWM/toplevel.vhd         ;         ;
; FDIV.vhd                         ; yes             ; User VHDL File  ; /home/esl22/git/ESL_lab/PWM/FDIV.vhd             ;         ;
; PWM.vhd                          ; yes             ; User VHDL File  ; /home/esl22/git/ESL_lab/PWM/PWM.vhd              ;         ;
; restbench.vhd                    ; yes             ; User VHDL File  ; /home/esl22/git/ESL_lab/PWM/restbench.vhd        ;         ;
; DutyCycleCounter.vhd             ; yes             ; User VHDL File  ; /home/esl22/git/ESL_lab/PWM/DutyCycleCounter.vhd ;         ;
+----------------------------------+-----------------+-----------------+--------------------------------------------------+---------+


+------------------------------------------------------------+
; Analysis & Synthesis Resource Usage Summary                ;
+---------------------------------------------+--------------+
; Resource                                    ; Usage        ;
+---------------------------------------------+--------------+
; Estimated Total logic elements              ; 61           ;
;                                             ;              ;
; Total combinational functions               ; 61           ;
; Logic element usage by number of LUT inputs ;              ;
;     -- 4 input functions                    ; 15           ;
;     -- 3 input functions                    ; 13           ;
;     -- <=2 input functions                  ; 33           ;
;                                             ;              ;
; Logic elements by mode                      ;              ;
;     -- normal mode                          ; 25           ;
;     -- arithmetic mode                      ; 36           ;
;                                             ;              ;
; Total registers                             ; 39           ;
;     -- Dedicated logic registers            ; 39           ;
;     -- I/O registers                        ; 0            ;
;                                             ;              ;
; I/O pins                                    ; 48           ;
; Embedded Multiplier 9-bit elements          ; 0            ;
; Maximum fan-out node                        ; KEY[0]~input ;
; Maximum fan-out                             ; 39           ;
; Total fan-out                               ; 364          ;
; Average fan-out                             ; 1.57         ;
+---------------------------------------------+--------------+


+---------------------------------------------------------------------------------------------------------------------------------------------------------------------------------------------------+
; Analysis & Synthesis Resource Utilization by Entity                                                                                                                                               ;
+---------------------------------+-------------------+--------------+-------------+--------------+---------+-----------+------+--------------+--------------------------------------+--------------+
; Compilation Hierarchy Node      ; LC Combinationals ; LC Registers ; Memory Bits ; DSP Elements ; DSP 9x9 ; DSP 18x18 ; Pins ; Virtual Pins ; Full Hierarchy Name                  ; Library Name ;
+---------------------------------+-------------------+--------------+-------------+--------------+---------+-----------+------+--------------+--------------------------------------+--------------+
; |toplevel                       ; 61 (0)            ; 39 (0)       ; 0           ; 0            ; 0       ; 0         ; 48   ; 0            ; |toplevel                            ; work         ;
;    |DutyCycleCounter:DUTY_comp| ; 8 (8)             ; 8 (8)        ; 0           ; 0            ; 0       ; 0         ; 0    ; 0            ; |toplevel|DutyCycleCounter:DUTY_comp ; work         ;
;    |FDIV:FDIV_DUTY_comp|        ; 31 (31)           ; 19 (19)      ; 0           ; 0            ; 0       ; 0         ; 0    ; 0            ; |toplevel|FDIV:FDIV_DUTY_comp        ; work         ;
;    |FDIV:FDIV_PWM_comp|         ; 1 (1)             ; 1 (1)        ; 0           ; 0            ; 0       ; 0         ; 0    ; 0            ; |toplevel|FDIV:FDIV_PWM_comp         ; work         ;
;    |PWM:PWM_comp|               ; 21 (21)           ; 11 (11)      ; 0           ; 0            ; 0       ; 0         ; 0    ; 0            ; |toplevel|PWM:PWM_comp               ; work         ;
+---------------------------------+-------------------+--------------+-------------+--------------+---------+-----------+------+--------------+--------------------------------------+--------------+
Note: For table entries with two numbers listed, the numbers in parentheses indicate the number of resources of the given type used by the specific entity alone. The numbers listed outside of parentheses indicate the total resources of the given type used by the specific entity and all of its sub-entities in the hierarchy.


+--------------------------------------------------------------------------------+
; Registers Removed During Synthesis                                             ;
+---------------------------------------+----------------------------------------+
; Register name                         ; Reason for Removal                     ;
+---------------------------------------+----------------------------------------+
; FDIV:FDIV_PWM_comp|cnt[0]             ; Merged with FDIV:FDIV_DUTY_comp|cnt[0] ;
; FDIV:FDIV_PWM_comp|cnt[1]             ; Merged with FDIV:FDIV_DUTY_comp|cnt[1] ;
; Total Number of Removed Registers = 2 ;                                        ;
+---------------------------------------+----------------------------------------+


+------------------------------------------------------+
; General Register Statistics                          ;
+----------------------------------------------+-------+
; Statistic                                    ; Value ;
+----------------------------------------------+-------+
; Total registers                              ; 39    ;
; Number of registers using Synchronous Clear  ; 0     ;
; Number of registers using Synchronous Load   ; 0     ;
; Number of registers using Asynchronous Clear ; 36    ;
; Number of registers using Asynchronous Load  ; 0     ;
; Number of registers using Clock Enable       ; 1     ;
; Number of registers using Preset             ; 0     ;
+----------------------------------------------+-------+


+------------------------------------------------------------------+
; Parameter Settings for User Entity Instance: FDIV:FDIV_DUTY_comp ;
+----------------+----------+--------------------------------------+
; Parameter Name ; Value    ; Type                                 ;
+----------------+----------+--------------------------------------+
; fin            ; 50000000 ; Signed Integer                       ;
; fout           ; 100      ; Signed Integer                       ;
+----------------+----------+--------------------------------------+
Note: In order to hide this table in the UI and the text report file, please set the "Show Parameter Settings in Synthesis Report" option in "Analysis and Synthesis Settings -> More Settings" to "Off".


+-----------------------------------------------------------------+
; Parameter Settings for User Entity Instance: FDIV:FDIV_PWM_comp ;
+----------------+----------+-------------------------------------+
; Parameter Name ; Value    ; Type                                ;
+----------------+----------+-------------------------------------+
; fin            ; 50000000 ; Signed Integer                      ;
; fout           ; 5130000  ; Signed Integer                      ;
+----------------+----------+-------------------------------------+
Note: In order to hide this table in the UI and the text report file, please set the "Show Parameter Settings in Synthesis Report" option in "Analysis and Synthesis Settings -> More Settings" to "Off".


+-------------------------------+
; Elapsed Time Per Partition    ;
+----------------+--------------+
; Partition Name ; Elapsed Time ;
+----------------+--------------+
; Top            ; 00:00:00     ;
+----------------+--------------+


+-------------------------------+
; Analysis & Synthesis Messages ;
+-------------------------------+
Info: *******************************************************************
Info: Running Quartus II 32-bit Analysis & Synthesis
    Info: Version 13.1.0 Build 162 10/23/2013 SJ Web Edition
    Info: Processing started: Wed May 26 16:36:11 2021
Info: Command: quartus_map --read_settings_files=on --write_settings_files=off PWM -c PWM
Info (11104): Parallel Compilation has detected 8 hyper-threaded processors. However, the extra hyper-threaded processors will not be used by default. Parallel Compilation will use 4 of the 4 physical processors detected instead.
Info (12021): Found 2 design units, including 1 entities, in source file toplevel.vhd
    Info (12022): Found design unit 1: toplevel-a
    Info (12023): Found entity 1: toplevel
Info (12021): Found 2 design units, including 1 entities, in source file FDIV.vhd
    Info (12022): Found design unit 1: FDIV-a
    Info (12023): Found entity 1: FDIV
Info (12021): Found 2 design units, including 1 entities, in source file PWM.vhd
    Info (12022): Found design unit 1: PWM-structure
    Info (12023): Found entity 1: PWM
Info (12021): Found 2 design units, including 1 entities, in source file restbench.vhd
    Info (12022): Found design unit 1: restbench-behaviour
    Info (12023): Found entity 1: restbench
Info (12021): Found 2 design units, including 1 entities, in source file DutyCycleCounter.vhd
    Info (12022): Found design unit 1: DutyCycleCounter-a
    Info (12023): Found entity 1: DutyCycleCounter
Info (12127): Elaborating entity "toplevel" for the top level hierarchy
Info (12128): Elaborating entity "FDIV" for hierarchy "FDIV:FDIV_DUTY_comp"
Info (12128): Elaborating entity "DutyCycleCounter" for hierarchy "DutyCycleCounter:DUTY_comp"
Info (12128): Elaborating entity "FDIV" for hierarchy "FDIV:FDIV_PWM_comp"
Info (12128): Elaborating entity "PWM" for hierarchy "PWM:PWM_comp"
Warning (13034): The following nodes have both tri-state and non-tri-state drivers
    Warning (13035): Inserted always-enabled tri-state buffer between "INA" and its non-tri-state driver.
    Warning (13035): Inserted always-enabled tri-state buffer between "INB" and its non-tri-state driver.
    Warning (13035): Inserted always-enabled tri-state buffer between "GPIO_0[21]" and its non-tri-state driver.
    Warning (13035): Inserted always-enabled tri-state buffer between "GPIO_0[22]" and its non-tri-state driver.
    Warning (13035): Inserted always-enabled tri-state buffer between "GPIO_0[23]" and its non-tri-state driver.
Warning (13039): The following bidir pins have no drivers
    Warning (13040): Bidir "GPIO_0[0]" has no driver
    Warning (13040): Bidir "GPIO_0[1]" has no driver
    Warning (13040): Bidir "GPIO_0[2]" has no driver
    Warning (13040): Bidir "GPIO_0[3]" has no driver
    Warning (13040): Bidir "GPIO_0[4]" has no driver
    Warning (13040): Bidir "GPIO_0[5]" has no driver
    Warning (13040): Bidir "GPIO_0[6]" has no driver
    Warning (13040): Bidir "GPIO_0[7]" has no driver
    Warning (13040): Bidir "GPIO_0[8]" has no driver
    Warning (13040): Bidir "GPIO_0[9]" has no driver
    Warning (13040): Bidir "GPIO_0[10]" has no driver
    Warning (13040): Bidir "GPIO_0[11]" has no driver
    Warning (13040): Bidir "GPIO_0[12]" has no driver
    Warning (13040): Bidir "GPIO_0[13]" has no driver
    Warning (13040): Bidir "GPIO_0[14]" has no driver
    Warning (13040): Bidir "GPIO_0[15]" has no driver
    Warning (13040): Bidir "GPIO_0[16]" has no driver
    Warning (13040): Bidir "GPIO_0[17]" has no driver
    Warning (13040): Bidir "GPIO_0[18]" has no driver
    Warning (13040): Bidir "GPIO_0[19]" has no driver
    Warning (13040): Bidir "GPIO_0[20]" has no driver
    Warning (13040): Bidir "GPIO_0[24]" has no driver
    Warning (13040): Bidir "GPIO_0[25]" has no driver
    Warning (13040): Bidir "GPIO_0[26]" has no driver
    Warning (13040): Bidir "GPIO_0[27]" has no driver
    Warning (13040): Bidir "GPIO_0[28]" has no driver
    Warning (13040): Bidir "GPIO_0[29]" has no driver
    Warning (13040): Bidir "GPIO_0[30]" has no driver
    Warning (13040): Bidir "GPIO_0[31]" has no driver
    Warning (13040): Bidir "GPIO_0[32]" has no driver
    Warning (13040): Bidir "GPIO_0[33]" has no driver
Info (13060): One or more bidirs are fed by always enabled tri-state buffers
    Info (13061): Fan-out of permanently enabled tri-state buffer feeding bidir "INA" is moved to its source
    Info (13061): Fan-out of permanently enabled tri-state buffer feeding bidir "INB" is moved to its source
    Info (13061): Fan-out of permanently enabled tri-state buffer feeding bidir "GPIO_0[22]" is moved to its source
    Info (13061): Fan-out of permanently enabled tri-state buffer feeding bidir "GPIO_0[23]" is moved to its source
Warning (13009): TRI or OPNDRN buffers permanently enabled
    Warning (13010): Node "INA~synth"
    Warning (13010): Node "INB~synth"
    Warning (13010): Node "GPIO_0[21]~synth"
    Warning (13010): Node "GPIO_0[22]~synth"
    Warning (13010): Node "GPIO_0[23]~synth"
Info (286030): Timing-Driven Synthesis is running
Warning (20013): Ignored assignments for entity "Block1" -- entity does not exist in design
    Warning (20014): Assignment for entity set_instance_assignment -name PARTITION_HIERARCHY root_partition -to | -entity Block1 -section_id Top was ignored
    Warning (20014): Assignment for entity set_global_assignment -name PARTITION_NETLIST_TYPE SOURCE -entity Block1 -section_id Top was ignored
    Warning (20014): Assignment for entity set_global_assignment -name PARTITION_FITTER_PRESERVATION_LEVEL PLACEMENT_AND_ROUTING -entity Block1 -section_id Top was ignored
    Warning (20014): Assignment for entity set_global_assignment -name PARTITION_PRESERVE_HIGH_SPEED_TILES ON -entity Block1 -section_id Top was ignored
    Warning (20014): Assignment for entity set_global_assignment -name PARTITION_IGNORE_SOURCE_FILE_CHANGES OFF -entity Block1 -section_id Top was ignored
    Warning (20014): Assignment for entity set_global_assignment -name PARTITION_ALWAYS_USE_QXP_NETLIST OFF -entity Block1 -section_id Top was ignored
    Warning (20014): Assignment for entity set_global_assignment -name PARTITION_COLOR 16764057 -entity Block1 -section_id Top was ignored
    Warning (20014): Assignment for entity set_global_assignment -name PARTITION_IMPORT_ASSIGNMENTS ON -entity Block1 -section_id Top was ignored
    Warning (20014): Assignment for entity set_global_assignment -name PARTITION_IMPORT_EXISTING_ASSIGNMENTS REPLACE_CONFLICTING -entity Block1 -section_id Top was ignored
    Warning (20014): Assignment for entity set_global_assignment -name PARTITION_IMPORT_EXISTING_LOGICLOCK_REGIONS UPDATE_CONFLICTING -entity Block1 -section_id Top was ignored
    Warning (20014): Assignment for entity set_global_assignment -name PARTITION_IMPORT_PIN_ASSIGNMENTS ON -entity Block1 -section_id Top was ignored
    Warning (20014): Assignment for entity set_global_assignment -name PARTITION_IMPORT_PROMOTE_ASSIGNMENTS ON -entity Block1 -section_id Top was ignored
    Warning (20014): Assignment for entity set_global_assignment -name PARTITION_TYPE STANDARD_PARTITION -entity Block1 -section_id Top was ignored
    Warning (20014): Assignment for entity set_global_assignment -name ALLOW_MULTIPLE_PERSONAS OFF -entity Block1 -section_id Top was ignored
    Warning (20014): Assignment for entity set_global_assignment -name PARTITION_ASD_REGION_ID 1 -entity Block1 -section_id Top was ignored
    Warning (20014): Assignment for entity set_global_assignment -name CROSS_BOUNDARY_OPTIMIZATIONS OFF -entity Block1 -section_id Top was ignored
    Warning (20014): Assignment for entity set_global_assignment -name PROPAGATE_CONSTANTS_ON_INPUTS ON -entity Block1 -section_id Top was ignored
    Warning (20014): Assignment for entity set_global_assignment -name PROPAGATE_INVERSIONS_ON_INPUTS ON -entity Block1 -section_id Top was ignored
    Warning (20014): Assignment for entity set_global_assignment -name REMOVE_LOGIC_ON_UNCONNECTED_OUTPUTS ON -entity Block1 -section_id Top was ignored
    Warning (20014): Assignment for entity set_global_assignment -name MERGE_EQUIVALENT_INPUTS ON -entity Block1 -section_id Top was ignored
    Warning (20014): Assignment for entity set_global_assignment -name MERGE_EQUIVALENT_BIDIRS ON -entity Block1 -section_id Top was ignored
    Warning (20014): Assignment for entity set_global_assignment -name ABSORB_PATHS_FROM_OUTPUTS_TO_INPUTS ON -entity Block1 -section_id Top was ignored
    Warning (20014): Assignment for entity set_global_assignment -name PARTITION_EXTRACT_HARD_BLOCK_NODES ON -entity Block1 -section_id Top was ignored
    Warning (20014): Assignment for entity set_global_assignment -name PARTITION_ENABLE_STRICT_PRESERVATION OFF -entity Block1 -section_id Top was ignored
Info (16010): Generating hard_block partition "hard_block:auto_generated_inst"
    Info (16011): Adding 0 node(s), including 0 DDIO, 0 PLL, 0 transceiver and 0 LCELL
Warning (21074): Design contains 9 input pin(s) that do not drive logic
    Warning (15610): No output dependent on input pin "duty_cycle[0]"
    Warning (15610): No output dependent on input pin "duty_cycle[1]"
    Warning (15610): No output dependent on input pin "duty_cycle[2]"
    Warning (15610): No output dependent on input pin "duty_cycle[3]"
    Warning (15610): No output dependent on input pin "duty_cycle[4]"
    Warning (15610): No output dependent on input pin "duty_cycle[5]"
    Warning (15610): No output dependent on input pin "duty_cycle[6]"
    Warning (15610): No output dependent on input pin "duty_cycle[7]"
    Warning (15610): No output dependent on input pin "KEY[1]"
Info (21057): Implemented 109 device resources after synthesis - the final resource count might be different
    Info (21058): Implemented 12 input pins
    Info (21059): Implemented 0 output pins
    Info (21060): Implemented 36 bidirectional pins
    Info (21061): Implemented 61 logic cells
Info: Quartus II 32-bit Analysis & Synthesis was successful. 0 errors, 79 warnings
    Info: Peak virtual memory: 433 megabytes
    Info: Processing ended: Wed May 26 16:36:14 2021
    Info: Elapsed time: 00:00:03
    Info: Total CPU time (on all processors): 00:00:02


