Flow report for PWM
Wed May 26 16:36:35 2021
Quartus II 32-bit Version 13.1.0 Build 162 10/23/2013 SJ Web Edition


---------------------
; Table of Contents ;
---------------------
  1. Legal Notice
  2. Flow Summary
  3. Flow Settings
  4. Flow Non-Default Global Settings
  5. Flow Elapsed Time
  6. Flow OS Summary
  7. Flow Log
  8. Flow Messages
  9. Flow Suppressed Messages



----------------
; Legal Notice ;
----------------
Copyright (C) 1991-2013 Altera Corporation
Your use of Altera Corporation's design tools, logic functions 
and other software and tools, and its AMPP partner logic 
functions, and any output files from any of the foregoing 
(including device programming or simulation files), and any 
associated documentation or information are expressly subject 
to the terms and conditions of the Altera Program License 
Subscription Agreement, Altera MegaCore Function License 
Agreement, or other applicable license agreement, including, 
without limitation, that your use is for the sole purpose of 
programming logic devices manufactured by Altera and sold by 
Altera or its authorized distributors.  Please refer to the 
applicable agreement for further details.



+---------------------------------------------------------------------------------+
; Flow Summary                                                                    ;
+------------------------------------+--------------------------------------------+
; Flow Status                        ; Successful - Wed May 26 16:36:30 2021      ;
; Quartus II 32-bit Version          ; 13.1.0 Build 162 10/23/2013 SJ Web Edition ;
; Revision Name                      ; PWM                                        ;
; Top-level Entity Name              ; toplevel                                   ;
; Family                             ; Cyclone IV E                               ;
; Device                             ; EP4CE22F17C6                               ;
; Timing Models                      ; Final                                      ;
; Total logic elements               ; 62 / 22,320 ( < 1 % )                      ;
;     Total combinational functions  ; 61 / 22,320 ( < 1 % )                      ;
;     Dedicated logic registers      ; 39 / 22,320 ( < 1 % )                      ;
; Total registers                    ; 39                                         ;
; Total pins                         ; 48 / 154 ( 31 % )                          ;
; Total virtual pins                 ; 0                                          ;
; Total memory bits                  ; 0 / 608,256 ( 0 % )                        ;
; Embedded Multiplier 9-bit elements ; 0 / 132 ( 0 % )                            ;
; Total PLLs                         ; 0 / 4 ( 0 % )                              ;
+------------------------------------+--------------------------------------------+


+-----------------------------------------+
; Flow Settings                           ;
+-------------------+---------------------+
; Option            ; Setting             ;
+-------------------+---------------------+
; Start date & time ; 05/26/2021 16:36:12 ;
; Main task         ; Compilation         ;
; Revision Name     ; PWM                 ;
+-------------------+---------------------+


+--------------------------------------------------------------------------------------------------------+
; Flow Non-Default Global Settings                                                                       ;
+-------------------------------------+-----------------------+---------------+-------------+------------+
; Assignment Name                     ; Value                 ; Default Value ; Entity Name ; Section Id ;
+-------------------------------------+-----------------------+---------------+-------------+------------+
; COMPILER_SIGNATURE_ID               ; 0.162203977213600     ; --            ; --          ; --         ;
; MAX_CORE_JUNCTION_TEMP              ; 85                    ; --            ; --          ; --         ;
; MIN_CORE_JUNCTION_TEMP              ; 0                     ; --            ; --          ; --         ;
; PARTITION_COLOR                     ; 16764057              ; --            ; Block1      ; Top        ;
; PARTITION_COLOR                     ; 16764057              ; --            ; toplevel    ; Top        ;
; PARTITION_FITTER_PRESERVATION_LEVEL ; PLACEMENT_AND_ROUTING ; --            ; Block1      ; Top        ;
; PARTITION_FITTER_PRESERVATION_LEVEL ; PLACEMENT_AND_ROUTING ; --            ; toplevel    ; Top        ;
; PARTITION_NETLIST_TYPE              ; SOURCE                ; --            ; Block1      ; Top        ;
; PARTITION_NETLIST_TYPE              ; SOURCE                ; --            ; toplevel    ; Top        ;
; PROJECT_OUTPUT_DIRECTORY            ; output_files          ; --            ; --          ; --         ;
; TOP_LEVEL_ENTITY                    ; toplevel              ; PWM           ; --          ; --         ;
+-------------------------------------+-----------------------+---------------+-------------+------------+


+-------------------------------------------------------------------------------------------------------------------------------+
; Flow Elapsed Time                                                                                                             ;
+---------------------------+--------------+-------------------------+---------------------+------------------------------------+
; Module Name               ; Elapsed Time ; Average Processors Used ; Peak Virtual Memory ; Total CPU Time (on all processors) ;
+---------------------------+--------------+-------------------------+---------------------+------------------------------------+
; Analysis & Synthesis      ; 00:00:02     ; 1.0                     ; 429 MB              ; 00:00:02                           ;
; Fitter                    ; 00:00:10     ; 1.0                     ; 709 MB              ; 00:00:13                           ;
; Assembler                 ; 00:00:02     ; 1.0                     ; 393 MB              ; 00:00:02                           ;
; TimeQuest Timing Analyzer ; 00:00:03     ; 1.0                     ; 472 MB              ; 00:00:03                           ;
; Total                     ; 00:00:17     ; --                      ; --                  ; 00:00:20                           ;
+---------------------------+--------------+-------------------------+---------------------+------------------------------------+


+-----------------------------------------------------------------------------------------------+
; Flow OS Summary                                                                               ;
+---------------------------+------------------+------------------+------------+----------------+
; Module Name               ; Machine Hostname ; OS Name          ; OS Version ; Processor type ;
+---------------------------+------------------+------------------+------------+----------------+
; Analysis & Synthesis      ; ce147            ; Debian GNU/Linux ; 9          ; x86_64         ;
; Fitter                    ; ce147            ; Debian GNU/Linux ; 9          ; x86_64         ;
; Assembler                 ; ce147            ; Debian GNU/Linux ; 9          ; x86_64         ;
; TimeQuest Timing Analyzer ; ce147            ; Debian GNU/Linux ; 9          ; x86_64         ;
+---------------------------+------------------+------------------+------------+----------------+


------------
; Flow Log ;
------------
quartus_map --read_settings_files=on --write_settings_files=off PWM -c PWM
quartus_fit --read_settings_files=off --write_settings_files=off PWM -c PWM
quartus_asm --read_settings_files=off --write_settings_files=off PWM -c PWM
quartus_sta PWM -c PWM



