Flow report for esl_demonstrator
Mon May 10 16:39:09 2021
Quartus II 32-bit Version 13.1.0 Build 162 10/23/2013 SJ Web Edition


---------------------
; Table of Contents ;
---------------------
  1. Legal Notice
  2. Flow Summary
  3. Flow Settings
  4. Flow Non-Default Global Settings
  5. Flow Elapsed Time
  6. Flow OS Summary
  7. Flow Log
  8. Flow Messages
  9. Flow Suppressed Messages



----------------
; Legal Notice ;
----------------
Copyright (C) 1991-2013 Altera Corporation
Your use of Altera Corporation's design tools, logic functions 
and other software and tools, and its AMPP partner logic 
functions, and any output files from any of the foregoing 
(including device programming or simulation files), and any 
associated documentation or information are expressly subject 
to the terms and conditions of the Altera Program License 
Subscription Agreement, Altera MegaCore Function License 
Agreement, or other applicable license agreement, including, 
without limitation, that your use is for the sole purpose of 
programming logic devices manufactured by Altera and sold by 
Altera or its authorized distributors.  Please refer to the 
applicable agreement for further details.



+---------------------------------------------------------------------------------+
; Flow Summary                                                                    ;
+------------------------------------+--------------------------------------------+
; Flow Status                        ; Successful - Mon May 10 16:39:09 2021      ;
; Quartus II 32-bit Version          ; 13.1.0 Build 162 10/23/2013 SJ Web Edition ;
; Revision Name                      ; esl_demonstrator                           ;
; Top-level Entity Name              ; Block1                                     ;
; Family                             ; Cyclone IV E                               ;
; Device                             ; EP4CE22F17C6                               ;
; Timing Models                      ; Final                                      ;
; Total logic elements               ; 34 / 22,320 ( < 1 % )                      ;
;     Total combinational functions  ; 18 / 22,320 ( < 1 % )                      ;
;     Dedicated logic registers      ; 34 / 22,320 ( < 1 % )                      ;
; Total registers                    ; 34                                         ;
; Total pins                         ; 43 / 154 ( 28 % )                          ;
; Total virtual pins                 ; 0                                          ;
; Total memory bits                  ; 0 / 608,256 ( 0 % )                        ;
; Embedded Multiplier 9-bit elements ; 0 / 132 ( 0 % )                            ;
; Total PLLs                         ; 0 / 4 ( 0 % )                              ;
+------------------------------------+--------------------------------------------+


+-----------------------------------------+
; Flow Settings                           ;
+-------------------+---------------------+
; Option            ; Setting             ;
+-------------------+---------------------+
; Start date & time ; 05/10/2021 16:38:44 ;
; Main task         ; Compilation         ;
; Revision Name     ; esl_demonstrator    ;
+-------------------+---------------------+


+-------------------------------------------------------------------------------------------------------------------------------------------+
; Flow Non-Default Global Settings                                                                                                          ;
+--------------------------------------+---------------------------------------+------------------+------------------------+----------------+
; Assignment Name                      ; Value                                 ; Default Value    ; Entity Name            ; Section Id     ;
+--------------------------------------+---------------------------------------+------------------+------------------------+----------------+
; COMPILER_SIGNATURE_ID                ; 0.162065752419663                     ; --               ; --                     ; --             ;
; EDA_DESIGN_INSTANCE_NAME             ; NA                                    ; --               ; --                     ; demonstrator   ;
; EDA_NATIVELINK_SIMULATION_TEST_BENCH ; demonstrator                          ; --               ; --                     ; eda_simulation ;
; EDA_OUTPUT_DATA_FORMAT               ; Vhdl                                  ; --               ; --                     ; eda_simulation ;
; EDA_SIMULATION_TOOL                  ; ModelSim-Altera (VHDL)                ; <None>           ; --                     ; --             ;
; EDA_TEST_BENCH_ENABLE_STATUS         ; TEST_BENCH_MODE                       ; --               ; --                     ; eda_simulation ;
; EDA_TEST_BENCH_FILE                  ; tb_esl_demonstrator.vhd               ; --               ; --                     ; demonstrator   ;
; EDA_TEST_BENCH_MODULE_NAME           ; demonstrator                          ; --               ; --                     ; demonstrator   ;
; EDA_TEST_BENCH_NAME                  ; demonstrator                          ; --               ; --                     ; eda_simulation ;
; MAX_CORE_JUNCTION_TEMP               ; 85                                    ; --               ; --                     ; --             ;
; MIN_CORE_JUNCTION_TEMP               ; 0                                     ; --               ; --                     ; --             ;
; NOMINAL_CORE_SUPPLY_VOLTAGE          ; 1.2V                                  ; --               ; --                     ; --             ;
; PARTITION_COLOR                      ; 16764057                              ; --               ; Block1                 ; Top            ;
; PARTITION_COLOR                      ; 16764057                              ; --               ; nios2_quartus2_project ; Top            ;
; PARTITION_FITTER_PRESERVATION_LEVEL  ; PLACEMENT_AND_ROUTING                 ; --               ; Block1                 ; Top            ;
; PARTITION_FITTER_PRESERVATION_LEVEL  ; PLACEMENT_AND_ROUTING                 ; --               ; nios2_quartus2_project ; Top            ;
; PARTITION_NETLIST_TYPE               ; SOURCE                                ; --               ; Block1                 ; Top            ;
; PARTITION_NETLIST_TYPE               ; SOURCE                                ; --               ; nios2_quartus2_project ; Top            ;
; POWER_BOARD_THERMAL_MODEL            ; None (CONSERVATIVE)                   ; --               ; --                     ; --             ;
; POWER_PRESET_COOLING_SOLUTION        ; 23 MM HEAT SINK WITH 200 LFPM AIRFLOW ; --               ; --                     ; --             ;
; PROJECT_OUTPUT_DIRECTORY             ; output_files                          ; --               ; --                     ; --             ;
; TOP_LEVEL_ENTITY                     ; Block1                                ; esl_demonstrator ; --                     ; --             ;
+--------------------------------------+---------------------------------------+------------------+------------------------+----------------+


+-------------------------------------------------------------------------------------------------------------------------------+
; Flow Elapsed Time                                                                                                             ;
+---------------------------+--------------+-------------------------+---------------------+------------------------------------+
; Module Name               ; Elapsed Time ; Average Processors Used ; Peak Virtual Memory ; Total CPU Time (on all processors) ;
+---------------------------+--------------+-------------------------+---------------------+------------------------------------+
; Analysis & Synthesis      ; 00:00:02     ; 1.0                     ; 430 MB              ; 00:00:02                           ;
; Fitter                    ; 00:00:09     ; 1.1                     ; 721 MB              ; 00:00:11                           ;
; Assembler                 ; 00:00:02     ; 1.0                     ; 386 MB              ; 00:00:02                           ;
; TimeQuest Timing Analyzer ; 00:00:02     ; 1.0                     ; 464 MB              ; 00:00:03                           ;
; EDA Netlist Writer        ; 00:00:01     ; 1.0                     ; 332 MB              ; 00:00:01                           ;
; Total                     ; 00:00:16     ; --                      ; --                  ; 00:00:19                           ;
+---------------------------+--------------+-------------------------+---------------------+------------------------------------+


+-----------------------------------------------------------------------------------------------+
; Flow OS Summary                                                                               ;
+---------------------------+------------------+------------------+------------+----------------+
; Module Name               ; Machine Hostname ; OS Name          ; OS Version ; Processor type ;
+---------------------------+------------------+------------------+------------+----------------+
; Analysis & Synthesis      ; ce147            ; Debian GNU/Linux ; 9          ; x86_64         ;
; Fitter                    ; ce147            ; Debian GNU/Linux ; 9          ; x86_64         ;
; Assembler                 ; ce147            ; Debian GNU/Linux ; 9          ; x86_64         ;
; TimeQuest Timing Analyzer ; ce147            ; Debian GNU/Linux ; 9          ; x86_64         ;
; EDA Netlist Writer        ; ce147            ; Debian GNU/Linux ; 9          ; x86_64         ;
+---------------------------+------------------+------------------+------------+----------------+


------------
; Flow Log ;
------------
quartus_map --read_settings_files=on --write_settings_files=off esl_demonstrator -c esl_demonstrator
quartus_fit --read_settings_files=off --write_settings_files=off esl_demonstrator -c esl_demonstrator
quartus_asm --read_settings_files=off --write_settings_files=off esl_demonstrator -c esl_demonstrator
quartus_sta esl_demonstrator -c esl_demonstrator
quartus_eda --read_settings_files=off --write_settings_files=off esl_demonstrator -c esl_demonstrator



