Analysis & Synthesis report for esl_demonstrator
Mon May 10 16:38:45 2021
Quartus II 32-bit Version 13.1.0 Build 162 10/23/2013 SJ Web Edition


---------------------
; Table of Contents ;
---------------------
  1. Legal Notice
  2. Analysis & Synthesis Summary
  3. Analysis & Synthesis Settings
  4. Parallel Compilation
  5. Analysis & Synthesis Source Files Read
  6. Analysis & Synthesis Resource Usage Summary
  7. Analysis & Synthesis Resource Utilization by Entity
  8. Registers Removed During Synthesis
  9. General Register Statistics
 10. Multiplexer Restructuring Statistics (Restructuring Performed)
 11. Elapsed Time Per Partition
 12. Analysis & Synthesis Messages



----------------
; Legal Notice ;
----------------
Copyright (C) 1991-2013 Altera Corporation
Your use of Altera Corporation's design tools, logic functions 
and other software and tools, and its AMPP partner logic 
functions, and any output files from any of the foregoing 
(including device programming or simulation files), and any 
associated documentation or information are expressly subject 
to the terms and conditions of the Altera Program License 
Subscription Agreement, Altera MegaCore Function License 
Agreement, or other applicable license agreement, including, 
without limitation, that your use is for the sole purpose of 
programming logic devices manufactured by Altera and sold by 
Altera or its authorized distributors.  Please refer to the 
applicable agreement for further details.



+---------------------------------------------------------------------------------+
; Analysis & Synthesis Summary                                                    ;
+------------------------------------+--------------------------------------------+
; Analysis & Synthesis Status        ; Successful - Mon May 10 16:38:45 2021      ;
; Quartus II 32-bit Version          ; 13.1.0 Build 162 10/23/2013 SJ Web Edition ;
; Revision Name                      ; esl_demonstrator                           ;
; Top-level Entity Name              ; Block1                                     ;
; Family                             ; Cyclone IV E                               ;
; Total logic elements               ; 36                                         ;
;     Total combinational functions  ; 18                                         ;
;     Dedicated logic registers      ; 34                                         ;
; Total registers                    ; 34                                         ;
; Total pins                         ; 43                                         ;
; Total virtual pins                 ; 0                                          ;
; Total memory bits                  ; 0                                          ;
; Embedded Multiplier 9-bit elements ; 0                                          ;
; Total PLLs                         ; 0                                          ;
+------------------------------------+--------------------------------------------+


+----------------------------------------------------------------------------------------------------------------------+
; Analysis & Synthesis Settings                                                                                        ;
+----------------------------------------------------------------------------+--------------------+--------------------+
; Option                                                                     ; Setting            ; Default Value      ;
+----------------------------------------------------------------------------+--------------------+--------------------+
; Device                                                                     ; EP4CE22F17C6       ;                    ;
; Top-level entity name                                                      ; Block1             ; esl_demonstrator   ;
; Family name                                                                ; Cyclone IV E       ; Cyclone IV GX      ;
; Use smart compilation                                                      ; Off                ; Off                ;
; Enable parallel Assembler and TimeQuest Timing Analyzer during compilation ; On                 ; On                 ;
; Enable compact report table                                                ; Off                ; Off                ;
; Restructure Multiplexers                                                   ; Auto               ; Auto               ;
; Create Debugging Nodes for IP Cores                                        ; Off                ; Off                ;
; Preserve fewer node names                                                  ; On                 ; On                 ;
; Disable OpenCore Plus hardware evaluation                                  ; Off                ; Off                ;
; Verilog Version                                                            ; Verilog_2001       ; Verilog_2001       ;
; VHDL Version                                                               ; VHDL_1993          ; VHDL_1993          ;
; State Machine Processing                                                   ; Auto               ; Auto               ;
; Safe State Machine                                                         ; Off                ; Off                ;
; Extract Verilog State Machines                                             ; On                 ; On                 ;
; Extract VHDL State Machines                                                ; On                 ; On                 ;
; Ignore Verilog initial constructs                                          ; Off                ; Off                ;
; Iteration limit for constant Verilog loops                                 ; 5000               ; 5000               ;
; Iteration limit for non-constant Verilog loops                             ; 250                ; 250                ;
; Add Pass-Through Logic to Inferred RAMs                                    ; On                 ; On                 ;
; Infer RAMs from Raw Logic                                                  ; On                 ; On                 ;
; Parallel Synthesis                                                         ; On                 ; On                 ;
; DSP Block Balancing                                                        ; Auto               ; Auto               ;
; NOT Gate Push-Back                                                         ; On                 ; On                 ;
; Power-Up Don't Care                                                        ; On                 ; On                 ;
; Remove Redundant Logic Cells                                               ; Off                ; Off                ;
; Remove Duplicate Registers                                                 ; On                 ; On                 ;
; Ignore CARRY Buffers                                                       ; Off                ; Off                ;
; Ignore CASCADE Buffers                                                     ; Off                ; Off                ;
; Ignore GLOBAL Buffers                                                      ; Off                ; Off                ;
; Ignore ROW GLOBAL Buffers                                                  ; Off                ; Off                ;
; Ignore LCELL Buffers                                                       ; Off                ; Off                ;
; Ignore SOFT Buffers                                                        ; On                 ; On                 ;
; Limit AHDL Integers to 32 Bits                                             ; Off                ; Off                ;
; Optimization Technique                                                     ; Balanced           ; Balanced           ;
; Carry Chain Length                                                         ; 70                 ; 70                 ;
; Auto Carry Chains                                                          ; On                 ; On                 ;
; Auto Open-Drain Pins                                                       ; On                 ; On                 ;
; Perform WYSIWYG Primitive Resynthesis                                      ; Off                ; Off                ;
; Auto ROM Replacement                                                       ; On                 ; On                 ;
; Auto RAM Replacement                                                       ; On                 ; On                 ;
; Auto DSP Block Replacement                                                 ; On                 ; On                 ;
; Auto Shift Register Replacement                                            ; Auto               ; Auto               ;
; Allow Shift Register Merging across Hierarchies                            ; Auto               ; Auto               ;
; Auto Clock Enable Replacement                                              ; On                 ; On                 ;
; Strict RAM Replacement                                                     ; Off                ; Off                ;
; Allow Synchronous Control Signals                                          ; On                 ; On                 ;
; Force Use of Synchronous Clear Signals                                     ; Off                ; Off                ;
; Auto RAM Block Balancing                                                   ; On                 ; On                 ;
; Auto RAM to Logic Cell Conversion                                          ; Off                ; Off                ;
; Auto Resource Sharing                                                      ; Off                ; Off                ;
; Allow Any RAM Size For Recognition                                         ; Off                ; Off                ;
; Allow Any ROM Size For Recognition                                         ; Off                ; Off                ;
; Allow Any Shift Register Size For Recognition                              ; Off                ; Off                ;
; Use LogicLock Constraints during Resource Balancing                        ; On                 ; On                 ;
; Ignore translate_off and synthesis_off directives                          ; Off                ; Off                ;
; Timing-Driven Synthesis                                                    ; On                 ; On                 ;
; Report Parameter Settings                                                  ; On                 ; On                 ;
; Report Source Assignments                                                  ; On                 ; On                 ;
; Report Connectivity Checks                                                 ; On                 ; On                 ;
; Ignore Maximum Fan-Out Assignments                                         ; Off                ; Off                ;
; Synchronization Register Chain Length                                      ; 2                  ; 2                  ;
; PowerPlay Power Optimization                                               ; Normal compilation ; Normal compilation ;
; HDL message level                                                          ; Level2             ; Level2             ;
; Suppress Register Optimization Related Messages                            ; Off                ; Off                ;
; Number of Removed Registers Reported in Synthesis Report                   ; 5000               ; 5000               ;
; Number of Swept Nodes Reported in Synthesis Report                         ; 5000               ; 5000               ;
; Number of Inverted Registers Reported in Synthesis Report                  ; 100                ; 100                ;
; Clock MUX Protection                                                       ; On                 ; On                 ;
; Auto Gated Clock Conversion                                                ; Off                ; Off                ;
; Block Design Naming                                                        ; Auto               ; Auto               ;
; SDC constraint protection                                                  ; Off                ; Off                ;
; Synthesis Effort                                                           ; Auto               ; Auto               ;
; Shift Register Replacement - Allow Asynchronous Clear Signal               ; On                 ; On                 ;
; Pre-Mapping Resynthesis Optimization                                       ; Off                ; Off                ;
; Analysis & Synthesis Message Level                                         ; Medium             ; Medium             ;
; Disable Register Merging Across Hierarchies                                ; Auto               ; Auto               ;
; Resource Aware Inference For Block RAM                                     ; On                 ; On                 ;
; Synthesis Seed                                                             ; 1                  ; 1                  ;
+----------------------------------------------------------------------------+--------------------+--------------------+


+------------------------------------------+
; Parallel Compilation                     ;
+----------------------------+-------------+
; Processors                 ; Number      ;
+----------------------------+-------------+
; Number detected on machine ; 8           ;
; Maximum allowed            ; 4           ;
;                            ;             ;
; Average used               ; 1.00        ;
; Maximum used               ; 1           ;
;                            ;             ;
; Usage by Processor         ; % Time Used ;
;     Processor 1            ; 100.0%      ;
;     Processors 2-8         ;   0.0%      ;
+----------------------------+-------------+


+-------------------------------------------------------------------------------------------------------------------------------------------------------------------+
; Analysis & Synthesis Source Files Read                                                                                                                            ;
+----------------------------------+-----------------+------------------------------------+---------------------------------------------------------------+---------+
; File Name with User-Entered Path ; Used in Netlist ; File Type                          ; File Name with Absolute Path                                  ; Library ;
+----------------------------------+-----------------+------------------------------------+---------------------------------------------------------------+---------+
; ../fpga_ip_demo/GPIO_slice.vhd   ; yes             ; User VHDL File                     ; /home/esl22/git/ESL_lab/fpga_ip_demo/GPIO_slice.vhd           ;         ;
; esl_demonstrator.vhd             ; yes             ; User VHDL File                     ; /home/esl22/git/ESL_lab/esl_demonstrator/esl_demonstrator.vhd ;         ;
; Block1.bdf                       ; yes             ; User Block Diagram/Schematic File  ; /home/esl22/git/ESL_lab/esl_demonstrator/Block1.bdf           ;         ;
; slice.vhd                        ; yes             ; User VHDL File                     ; /home/esl22/git/ESL_lab/esl_demonstrator/slice.vhd            ;         ;
+----------------------------------+-----------------+------------------------------------+---------------------------------------------------------------+---------+


+--------------------------------------------------------------+
; Analysis & Synthesis Resource Usage Summary                  ;
+---------------------------------------------+----------------+
; Resource                                    ; Usage          ;
+---------------------------------------------+----------------+
; Estimated Total logic elements              ; 36             ;
;                                             ;                ;
; Total combinational functions               ; 18             ;
; Logic element usage by number of LUT inputs ;                ;
;     -- 4 input functions                    ; 1              ;
;     -- 3 input functions                    ; 14             ;
;     -- <=2 input functions                  ; 3              ;
;                                             ;                ;
; Logic elements by mode                      ;                ;
;     -- normal mode                          ; 3              ;
;     -- arithmetic mode                      ; 15             ;
;                                             ;                ;
; Total registers                             ; 34             ;
;     -- Dedicated logic registers            ; 34             ;
;     -- I/O registers                        ; 0              ;
;                                             ;                ;
; I/O pins                                    ; 43             ;
; Embedded Multiplier 9-bit elements          ; 0              ;
; Maximum fan-out node                        ; CLOCK_50~input ;
; Maximum fan-out                             ; 34             ;
; Total fan-out                               ; 221            ;
; Average fan-out                             ; 1.60           ;
+---------------------------------------------+----------------+


+---------------------------------------------------------------------------------------------------------------------------------------------------------------------------------------+
; Analysis & Synthesis Resource Utilization by Entity                                                                                                                                   ;
+----------------------------+-------------------+--------------+-------------+--------------+---------+-----------+------+--------------+-------------------------------+--------------+
; Compilation Hierarchy Node ; LC Combinationals ; LC Registers ; Memory Bits ; DSP Elements ; DSP 9x9 ; DSP 18x18 ; Pins ; Virtual Pins ; Full Hierarchy Name           ; Library Name ;
+----------------------------+-------------------+--------------+-------------+--------------+---------+-----------+------+--------------+-------------------------------+--------------+
; |Block1                    ; 18 (0)            ; 34 (0)       ; 0           ; 0            ; 0       ; 0         ; 43   ; 0            ; |Block1                       ; work         ;
;    |esl_demonstrator:inst| ; 18 (18)           ; 34 (34)      ; 0           ; 0            ; 0       ; 0         ; 0    ; 0            ; |Block1|esl_demonstrator:inst ; work         ;
+----------------------------+-------------------+--------------+-------------+--------------+---------+-----------+------+--------------+-------------------------------+--------------+
Note: For table entries with two numbers listed, the numbers in parentheses indicate the number of resources of the given type used by the specific entity alone. The numbers listed outside of parentheses indicate the total resources of the given type used by the specific entity and all of its sub-entities in the hierarchy.


+-------------------------------------------------------------+
; Registers Removed During Synthesis                          ;
+----------------------------------------+--------------------+
; Register name                          ; Reason for Removal ;
+----------------------------------------+--------------------+
; esl_demonstrator:inst|counter[16..31]  ; Lost fanout        ;
; Total Number of Removed Registers = 16 ;                    ;
+----------------------------------------+--------------------+


+------------------------------------------------------+
; General Register Statistics                          ;
+----------------------------------------------+-------+
; Statistic                                    ; Value ;
+----------------------------------------------+-------+
; Total registers                              ; 34    ;
; Number of registers using Synchronous Clear  ; 0     ;
; Number of registers using Synchronous Load   ; 0     ;
; Number of registers using Asynchronous Clear ; 32    ;
; Number of registers using Asynchronous Load  ; 0     ;
; Number of registers using Clock Enable       ; 18    ;
; Number of registers using Preset             ; 0     ;
+----------------------------------------------+-------+


+------------------------------------------------------------------------------------------------------------------------------------------------------------+
; Multiplexer Restructuring Statistics (Restructuring Performed)                                                                                             ;
+--------------------+-----------+---------------+----------------------+------------------------+------------+----------------------------------------------+
; Multiplexer Inputs ; Bus Width ; Baseline Area ; Area if Restructured ; Saving if Restructured ; Registered ; Example Multiplexer Output                   ;
+--------------------+-----------+---------------+----------------------+------------------------+------------+----------------------------------------------+
; 3:1                ; 32 bits   ; 64 LEs        ; 0 LEs                ; 64 LEs                 ; Yes        ; |Block1|esl_demonstrator:inst|nextcounter[7] ;
+--------------------+-----------+---------------+----------------------+------------------------+------------+----------------------------------------------+


+-------------------------------+
; Elapsed Time Per Partition    ;
+----------------+--------------+
; Partition Name ; Elapsed Time ;
+----------------+--------------+
; Top            ; 00:00:00     ;
+----------------+--------------+


+-------------------------------+
; Analysis & Synthesis Messages ;
+-------------------------------+
Info: *******************************************************************
Info: Running Quartus II 32-bit Analysis & Synthesis
    Info: Version 13.1.0 Build 162 10/23/2013 SJ Web Edition
    Info: Processing started: Mon May 10 16:38:43 2021
Info: Command: quartus_map --read_settings_files=on --write_settings_files=off esl_demonstrator -c esl_demonstrator
Info (11104): Parallel Compilation has detected 8 hyper-threaded processors. However, the extra hyper-threaded processors will not be used by default. Parallel Compilation will use 4 of the 4 physical processors detected instead.
Info (12021): Found 2 design units, including 1 entities, in source file /home/esl22/git/ESL_lab/fpga_ip_demo/GPIO_slice.vhd
    Info (12022): Found design unit 1: GPIO_slice-A
    Info (12023): Found entity 1: GPIO_slice
Info (12021): Found 2 design units, including 1 entities, in source file esl_demonstrator.vhd
    Info (12022): Found design unit 1: esl_demonstrator-encoder
    Info (12023): Found entity 1: esl_demonstrator
Info (12021): Found 2 design units, including 1 entities, in source file tb_esl_demonstrator.vhd
    Info (12022): Found design unit 1: esl_demonstrator_testbench-testbench
    Info (12023): Found entity 1: esl_demonstrator_testbench
Info (12021): Found 2 design units, including 1 entities, in source file de0_nano_toplevel.vhd
    Info (12022): Found design unit 1: de0_nano_toplevel-a
    Info (12023): Found entity 1: de0_nano_toplevel
Info (12021): Found 1 design units, including 1 entities, in source file Block1.bdf
    Info (12023): Found entity 1: Block1
Info (12021): Found 2 design units, including 1 entities, in source file slice.vhd
    Info (12022): Found design unit 1: slice-B
    Info (12023): Found entity 1: slice
Info (12127): Elaborating entity "Block1" for the top level hierarchy
Info (12128): Elaborating entity "slice" for hierarchy "slice:inst3"
Info (12128): Elaborating entity "esl_demonstrator" for hierarchy "esl_demonstrator:inst"
Info (12128): Elaborating entity "GPIO_slice" for hierarchy "GPIO_slice:inst2"
Info (286030): Timing-Driven Synthesis is running
Info (17049): 16 registers lost all their fanouts during netlist optimizations.
Warning (20013): Ignored assignments for entity "nios2_quartus2_project" -- entity does not exist in design
    Warning (20014): Assignment for entity set_instance_assignment -name PARTITION_HIERARCHY root_partition -to | -entity nios2_quartus2_project -section_id Top was ignored
    Warning (20014): Assignment for entity set_global_assignment -name PARTITION_NETLIST_TYPE SOURCE -entity nios2_quartus2_project -section_id Top was ignored
    Warning (20014): Assignment for entity set_global_assignment -name PARTITION_FITTER_PRESERVATION_LEVEL PLACEMENT_AND_ROUTING -entity nios2_quartus2_project -section_id Top was ignored
    Warning (20014): Assignment for entity set_global_assignment -name PARTITION_PRESERVE_HIGH_SPEED_TILES ON -entity nios2_quartus2_project -section_id Top was ignored
    Warning (20014): Assignment for entity set_global_assignment -name PARTITION_IGNORE_SOURCE_FILE_CHANGES OFF -entity nios2_quartus2_project -section_id Top was ignored
    Warning (20014): Assignment for entity set_global_assignment -name PARTITION_ALWAYS_USE_QXP_NETLIST OFF -entity nios2_quartus2_project -section_id Top was ignored
    Warning (20014): Assignment for entity set_global_assignment -name PARTITION_COLOR 16764057 -entity nios2_quartus2_project -section_id Top was ignored
    Warning (20014): Assignment for entity set_global_assignment -name PARTITION_IMPORT_ASSIGNMENTS ON -entity nios2_quartus2_project -section_id Top was ignored
    Warning (20014): Assignment for entity set_global_assignment -name PARTITION_IMPORT_EXISTING_ASSIGNMENTS REPLACE_CONFLICTING -entity nios2_quartus2_project -section_id Top was ignored
    Warning (20014): Assignment for entity set_global_assignment -name PARTITION_IMPORT_EXISTING_LOGICLOCK_REGIONS UPDATE_CONFLICTING -entity nios2_quartus2_project -section_id Top was ignored
    Warning (20014): Assignment for entity set_global_assignment -name PARTITION_IMPORT_PIN_ASSIGNMENTS ON -entity nios2_quartus2_project -section_id Top was ignored
    Warning (20014): Assignment for entity set_global_assignment -name PARTITION_IMPORT_PROMOTE_ASSIGNMENTS ON -entity nios2_quartus2_project -section_id Top was ignored
    Warning (20014): Assignment for entity set_global_assignment -name PARTITION_TYPE STANDARD_PARTITION -entity nios2_quartus2_project -section_id Top was ignored
    Warning (20014): Assignment for entity set_global_assignment -name ALLOW_MULTIPLE_PERSONAS OFF -entity nios2_quartus2_project -section_id Top was ignored
    Warning (20014): Assignment for entity set_global_assignment -name PARTITION_ASD_REGION_ID 1 -entity nios2_quartus2_project -section_id Top was ignored
    Warning (20014): Assignment for entity set_global_assignment -name CROSS_BOUNDARY_OPTIMIZATIONS OFF -entity nios2_quartus2_project -section_id Top was ignored
    Warning (20014): Assignment for entity set_global_assignment -name PROPAGATE_CONSTANTS_ON_INPUTS ON -entity nios2_quartus2_project -section_id Top was ignored
    Warning (20014): Assignment for entity set_global_assignment -name PROPAGATE_INVERSIONS_ON_INPUTS ON -entity nios2_quartus2_project -section_id Top was ignored
    Warning (20014): Assignment for entity set_global_assignment -name REMOVE_LOGIC_ON_UNCONNECTED_OUTPUTS ON -entity nios2_quartus2_project -section_id Top was ignored
    Warning (20014): Assignment for entity set_global_assignment -name MERGE_EQUIVALENT_INPUTS ON -entity nios2_quartus2_project -section_id Top was ignored
    Warning (20014): Assignment for entity set_global_assignment -name MERGE_EQUIVALENT_BIDIRS ON -entity nios2_quartus2_project -section_id Top was ignored
    Warning (20014): Assignment for entity set_global_assignment -name ABSORB_PATHS_FROM_OUTPUTS_TO_INPUTS ON -entity nios2_quartus2_project -section_id Top was ignored
    Warning (20014): Assignment for entity set_global_assignment -name PARTITION_EXTRACT_HARD_BLOCK_NODES ON -entity nios2_quartus2_project -section_id Top was ignored
    Warning (20014): Assignment for entity set_global_assignment -name PARTITION_ENABLE_STRICT_PRESERVATION OFF -entity nios2_quartus2_project -section_id Top was ignored
Info (16010): Generating hard_block partition "hard_block:auto_generated_inst"
    Info (16011): Adding 0 node(s), including 0 DDIO, 0 PLL, 0 transceiver and 0 LCELL
Warning (21074): Design contains 31 input pin(s) that do not drive logic
    Warning (15610): No output dependent on input pin "GPIO_0[32]"
    Warning (15610): No output dependent on input pin "GPIO_0[31]"
    Warning (15610): No output dependent on input pin "GPIO_0[30]"
    Warning (15610): No output dependent on input pin "GPIO_0[29]"
    Warning (15610): No output dependent on input pin "GPIO_0[28]"
    Warning (15610): No output dependent on input pin "GPIO_0[27]"
    Warning (15610): No output dependent on input pin "GPIO_0[26]"
    Warning (15610): No output dependent on input pin "GPIO_0[25]"
    Warning (15610): No output dependent on input pin "GPIO_0[24]"
    Warning (15610): No output dependent on input pin "GPIO_0[23]"
    Warning (15610): No output dependent on input pin "GPIO_0[21]"
    Warning (15610): No output dependent on input pin "GPIO_0[19]"
    Warning (15610): No output dependent on input pin "GPIO_0[18]"
    Warning (15610): No output dependent on input pin "GPIO_0[17]"
    Warning (15610): No output dependent on input pin "GPIO_0[16]"
    Warning (15610): No output dependent on input pin "GPIO_0[15]"
    Warning (15610): No output dependent on input pin "GPIO_0[14]"
    Warning (15610): No output dependent on input pin "GPIO_0[13]"
    Warning (15610): No output dependent on input pin "GPIO_0[12]"
    Warning (15610): No output dependent on input pin "GPIO_0[11]"
    Warning (15610): No output dependent on input pin "GPIO_0[10]"
    Warning (15610): No output dependent on input pin "GPIO_0[9]"
    Warning (15610): No output dependent on input pin "GPIO_0[8]"
    Warning (15610): No output dependent on input pin "GPIO_0[7]"
    Warning (15610): No output dependent on input pin "GPIO_0[6]"
    Warning (15610): No output dependent on input pin "GPIO_0[5]"
    Warning (15610): No output dependent on input pin "GPIO_0[4]"
    Warning (15610): No output dependent on input pin "GPIO_0[3]"
    Warning (15610): No output dependent on input pin "GPIO_0[2]"
    Warning (15610): No output dependent on input pin "GPIO_0[1]"
    Warning (15610): No output dependent on input pin "GPIO_0[0]"
Info (21057): Implemented 79 device resources after synthesis - the final resource count might be different
    Info (21058): Implemented 35 input pins
    Info (21059): Implemented 8 output pins
    Info (21061): Implemented 36 logic cells
Info: Quartus II 32-bit Analysis & Synthesis was successful. 0 errors, 57 warnings
    Info: Peak virtual memory: 434 megabytes
    Info: Processing ended: Mon May 10 16:38:45 2021
    Info: Elapsed time: 00:00:02
    Info: Total CPU time (on all processors): 00:00:02


