Flow report for fpga_ip_demo_project
Wed Apr 28 13:30:05 2021
Quartus II 32-bit Version 13.1.0 Build 162 10/23/2013 SJ Web Edition


---------------------
; Table of Contents ;
---------------------
  1. Legal Notice
  2. Flow Summary
  3. Flow Settings
  4. Flow Non-Default Global Settings
  5. Flow Elapsed Time
  6. Flow OS Summary
  7. Flow Log
  8. Flow Messages
  9. Flow Suppressed Messages



----------------
; Legal Notice ;
----------------
Copyright (C) 1991-2013 Altera Corporation
Your use of Altera Corporation's design tools, logic functions 
and other software and tools, and its AMPP partner logic 
functions, and any output files from any of the foregoing 
(including device programming or simulation files), and any 
associated documentation or information are expressly subject 
to the terms and conditions of the Altera Program License 
Subscription Agreement, Altera MegaCore Function License 
Agreement, or other applicable license agreement, including, 
without limitation, that your use is for the sole purpose of 
programming logic devices manufactured by Altera and sold by 
Altera or its authorized distributors.  Please refer to the 
applicable agreement for further details.



+---------------------------------------------------------------------------------+
; Flow Summary                                                                    ;
+------------------------------------+--------------------------------------------+
; Flow Status                        ; Successful - Wed Apr 28 13:29:58 2021      ;
; Quartus II 32-bit Version          ; 13.1.0 Build 162 10/23/2013 SJ Web Edition ;
; Revision Name                      ; fpga_ip_demo_project                       ;
; Top-level Entity Name              ; nios2_quartus2_project                     ;
; Family                             ; Cyclone IV E                               ;
; Device                             ; EP4CE22F17C6                               ;
; Timing Models                      ; Final                                      ;
; Total logic elements               ; 2,581 / 22,320 ( 12 % )                    ;
;     Total combinational functions  ; 2,371 / 22,320 ( 11 % )                    ;
;     Dedicated logic registers      ; 1,555 / 22,320 ( 7 % )                     ;
; Total registers                    ; 1555                                       ;
; Total pins                         ; 9 / 154 ( 6 % )                            ;
; Total virtual pins                 ; 0                                          ;
; Total memory bits                  ; 192,384 / 608,256 ( 32 % )                 ;
; Embedded Multiplier 9-bit elements ; 0 / 132 ( 0 % )                            ;
; Total PLLs                         ; 0 / 4 ( 0 % )                              ;
+------------------------------------+--------------------------------------------+


+------------------------------------------+
; Flow Settings                            ;
+-------------------+----------------------+
; Option            ; Setting              ;
+-------------------+----------------------+
; Start date & time ; 04/28/2021 13:29:12  ;
; Main task         ; Compilation          ;
; Revision Name     ; fpga_ip_demo_project ;
+-------------------+----------------------+


+--------------------------------------------------------------------------------------------------------------------------------------------------------------------------------------------------+
; Flow Non-Default Global Settings                                                                                                                                                                 ;
+-------------------------------------+----------------------------------------------------------------+----------------------+---------------------------------------------------+----------------+
; Assignment Name                     ; Value                                                          ; Default Value        ; Entity Name                                       ; Section Id     ;
+-------------------------------------+----------------------------------------------------------------+----------------------+---------------------------------------------------+----------------+
; COMPILER_SIGNATURE_ID               ; 0.161960935216512                                              ; --                   ; --                                                ; --             ;
; EDA_OUTPUT_DATA_FORMAT              ; None                                                           ; --                   ; --                                                ; eda_simulation ;
; IP_TOOL_ENV                         ; Qsys                                                           ; --                   ; altera_avalon_sc_fifo                             ; --             ;
; IP_TOOL_ENV                         ; Qsys                                                           ; --                   ; altera_merlin_master_agent                        ; --             ;
; IP_TOOL_ENV                         ; Qsys                                                           ; --                   ; altera_merlin_master_translator                   ; --             ;
; IP_TOOL_ENV                         ; Qsys                                                           ; --                   ; altera_merlin_slave_agent                         ; --             ;
; IP_TOOL_ENV                         ; Qsys                                                           ; --                   ; altera_merlin_slave_translator                    ; --             ;
; IP_TOOL_ENV                         ; Qsys                                                           ; --                   ; altera_merlin_traffic_limiter                     ; --             ;
; IP_TOOL_ENV                         ; Qsys                                                           ; --                   ; altera_reset_controller                           ; --             ;
; IP_TOOL_ENV                         ; Qsys                                                           ; --                   ; nios2_system                                      ; --             ;
; IP_TOOL_ENV                         ; Qsys                                                           ; --                   ; nios2_system_cpu                                  ; --             ;
; IP_TOOL_ENV                         ; Qsys                                                           ; --                   ; nios2_system_irq_mapper                           ; --             ;
; IP_TOOL_ENV                         ; Qsys                                                           ; --                   ; nios2_system_jtag_uart                            ; --             ;
; IP_TOOL_ENV                         ; Qsys                                                           ; --                   ; nios2_system_mm_interconnect_0                    ; --             ;
; IP_TOOL_ENV                         ; Qsys                                                           ; --                   ; nios2_system_mm_interconnect_0_addr_router        ; --             ;
; IP_TOOL_ENV                         ; Qsys                                                           ; --                   ; nios2_system_mm_interconnect_0_addr_router_001    ; --             ;
; IP_TOOL_ENV                         ; Qsys                                                           ; --                   ; nios2_system_mm_interconnect_0_cmd_xbar_demux     ; --             ;
; IP_TOOL_ENV                         ; Qsys                                                           ; --                   ; nios2_system_mm_interconnect_0_cmd_xbar_demux_001 ; --             ;
; IP_TOOL_ENV                         ; Qsys                                                           ; --                   ; nios2_system_mm_interconnect_0_cmd_xbar_mux       ; --             ;
; IP_TOOL_ENV                         ; Qsys                                                           ; --                   ; nios2_system_mm_interconnect_0_cmd_xbar_mux_002   ; --             ;
; IP_TOOL_ENV                         ; Qsys                                                           ; --                   ; nios2_system_mm_interconnect_0_id_router          ; --             ;
; IP_TOOL_ENV                         ; Qsys                                                           ; --                   ; nios2_system_mm_interconnect_0_id_router_002      ; --             ;
; IP_TOOL_ENV                         ; Qsys                                                           ; --                   ; nios2_system_mm_interconnect_0_rsp_xbar_demux     ; --             ;
; IP_TOOL_ENV                         ; Qsys                                                           ; --                   ; nios2_system_mm_interconnect_0_rsp_xbar_demux_002 ; --             ;
; IP_TOOL_ENV                         ; Qsys                                                           ; --                   ; nios2_system_mm_interconnect_0_rsp_xbar_mux       ; --             ;
; IP_TOOL_ENV                         ; Qsys                                                           ; --                   ; nios2_system_mm_interconnect_0_rsp_xbar_mux_001   ; --             ;
; IP_TOOL_ENV                         ; Qsys                                                           ; --                   ; nios2_system_onchip_mem                           ; --             ;
; IP_TOOL_ENV                         ; Qsys                                                           ; --                   ; nios2_system_sys_clk_timer                        ; --             ;
; IP_TOOL_ENV                         ; Qsys                                                           ; --                   ; nios2_system_sysid                                ; --             ;
; IP_TOOL_NAME                        ; altera_avalon_sc_fifo                                          ; --                   ; altera_avalon_sc_fifo                             ; --             ;
; IP_TOOL_NAME                        ; altera_merlin_master_agent                                     ; --                   ; altera_merlin_master_agent                        ; --             ;
; IP_TOOL_NAME                        ; altera_merlin_master_translator                                ; --                   ; altera_merlin_master_translator                   ; --             ;
; IP_TOOL_NAME                        ; altera_merlin_slave_agent                                      ; --                   ; altera_merlin_slave_agent                         ; --             ;
; IP_TOOL_NAME                        ; altera_merlin_slave_translator                                 ; --                   ; altera_merlin_slave_translator                    ; --             ;
; IP_TOOL_NAME                        ; altera_merlin_traffic_limiter                                  ; --                   ; altera_merlin_traffic_limiter                     ; --             ;
; IP_TOOL_NAME                        ; altera_reset_controller                                        ; --                   ; altera_reset_controller                           ; --             ;
; IP_TOOL_NAME                        ; Qsys                                                           ; --                   ; nios2_system                                      ; --             ;
; IP_TOOL_NAME                        ; altera_nios2_qsys                                              ; --                   ; nios2_system_cpu                                  ; --             ;
; IP_TOOL_NAME                        ; altera_irq_mapper                                              ; --                   ; nios2_system_irq_mapper                           ; --             ;
; IP_TOOL_NAME                        ; altera_avalon_jtag_uart                                        ; --                   ; nios2_system_jtag_uart                            ; --             ;
; IP_TOOL_NAME                        ; altera_merlin_interconnect_wrapper                             ; --                   ; nios2_system_mm_interconnect_0                    ; --             ;
; IP_TOOL_NAME                        ; altera_merlin_router                                           ; --                   ; nios2_system_mm_interconnect_0_addr_router        ; --             ;
; IP_TOOL_NAME                        ; altera_merlin_router                                           ; --                   ; nios2_system_mm_interconnect_0_addr_router_001    ; --             ;
; IP_TOOL_NAME                        ; altera_merlin_demultiplexer                                    ; --                   ; nios2_system_mm_interconnect_0_cmd_xbar_demux     ; --             ;
; IP_TOOL_NAME                        ; altera_merlin_demultiplexer                                    ; --                   ; nios2_system_mm_interconnect_0_cmd_xbar_demux_001 ; --             ;
; IP_TOOL_NAME                        ; altera_merlin_multiplexer                                      ; --                   ; nios2_system_mm_interconnect_0_cmd_xbar_mux       ; --             ;
; IP_TOOL_NAME                        ; altera_merlin_multiplexer                                      ; --                   ; nios2_system_mm_interconnect_0_cmd_xbar_mux_002   ; --             ;
; IP_TOOL_NAME                        ; altera_merlin_router                                           ; --                   ; nios2_system_mm_interconnect_0_id_router          ; --             ;
; IP_TOOL_NAME                        ; altera_merlin_router                                           ; --                   ; nios2_system_mm_interconnect_0_id_router_002      ; --             ;
; IP_TOOL_NAME                        ; altera_merlin_demultiplexer                                    ; --                   ; nios2_system_mm_interconnect_0_rsp_xbar_demux     ; --             ;
; IP_TOOL_NAME                        ; altera_merlin_demultiplexer                                    ; --                   ; nios2_system_mm_interconnect_0_rsp_xbar_demux_002 ; --             ;
; IP_TOOL_NAME                        ; altera_merlin_multiplexer                                      ; --                   ; nios2_system_mm_interconnect_0_rsp_xbar_mux       ; --             ;
; IP_TOOL_NAME                        ; altera_merlin_multiplexer                                      ; --                   ; nios2_system_mm_interconnect_0_rsp_xbar_mux_001   ; --             ;
; IP_TOOL_NAME                        ; altera_avalon_onchip_memory2                                   ; --                   ; nios2_system_onchip_mem                           ; --             ;
; IP_TOOL_NAME                        ; altera_avalon_timer                                            ; --                   ; nios2_system_sys_clk_timer                        ; --             ;
; IP_TOOL_NAME                        ; altera_avalon_sysid_qsys                                       ; --                   ; nios2_system_sysid                                ; --             ;
; IP_TOOL_VERSION                     ; 13.1                                                           ; --                   ; altera_avalon_sc_fifo                             ; --             ;
; IP_TOOL_VERSION                     ; 13.1                                                           ; --                   ; altera_merlin_master_agent                        ; --             ;
; IP_TOOL_VERSION                     ; 13.1                                                           ; --                   ; altera_merlin_master_translator                   ; --             ;
; IP_TOOL_VERSION                     ; 13.1                                                           ; --                   ; altera_merlin_slave_agent                         ; --             ;
; IP_TOOL_VERSION                     ; 13.1                                                           ; --                   ; altera_merlin_slave_translator                    ; --             ;
; IP_TOOL_VERSION                     ; 13.1                                                           ; --                   ; altera_merlin_traffic_limiter                     ; --             ;
; IP_TOOL_VERSION                     ; 13.1                                                           ; --                   ; altera_reset_controller                           ; --             ;
; IP_TOOL_VERSION                     ; 13.1                                                           ; --                   ; nios2_system                                      ; --             ;
; IP_TOOL_VERSION                     ; 13.1                                                           ; --                   ; nios2_system_cpu                                  ; --             ;
; IP_TOOL_VERSION                     ; 13.1                                                           ; --                   ; nios2_system_irq_mapper                           ; --             ;
; IP_TOOL_VERSION                     ; 13.1                                                           ; --                   ; nios2_system_jtag_uart                            ; --             ;
; IP_TOOL_VERSION                     ; 13.1                                                           ; --                   ; nios2_system_mm_interconnect_0                    ; --             ;
; IP_TOOL_VERSION                     ; 13.1                                                           ; --                   ; nios2_system_mm_interconnect_0_addr_router        ; --             ;
; IP_TOOL_VERSION                     ; 13.1                                                           ; --                   ; nios2_system_mm_interconnect_0_addr_router_001    ; --             ;
; IP_TOOL_VERSION                     ; 13.1                                                           ; --                   ; nios2_system_mm_interconnect_0_cmd_xbar_demux     ; --             ;
; IP_TOOL_VERSION                     ; 13.1                                                           ; --                   ; nios2_system_mm_interconnect_0_cmd_xbar_demux_001 ; --             ;
; IP_TOOL_VERSION                     ; 13.1                                                           ; --                   ; nios2_system_mm_interconnect_0_cmd_xbar_mux       ; --             ;
; IP_TOOL_VERSION                     ; 13.1                                                           ; --                   ; nios2_system_mm_interconnect_0_cmd_xbar_mux_002   ; --             ;
; IP_TOOL_VERSION                     ; 13.1                                                           ; --                   ; nios2_system_mm_interconnect_0_id_router          ; --             ;
; IP_TOOL_VERSION                     ; 13.1                                                           ; --                   ; nios2_system_mm_interconnect_0_id_router_002      ; --             ;
; IP_TOOL_VERSION                     ; 13.1                                                           ; --                   ; nios2_system_mm_interconnect_0_rsp_xbar_demux     ; --             ;
; IP_TOOL_VERSION                     ; 13.1                                                           ; --                   ; nios2_system_mm_interconnect_0_rsp_xbar_demux_002 ; --             ;
; IP_TOOL_VERSION                     ; 13.1                                                           ; --                   ; nios2_system_mm_interconnect_0_rsp_xbar_mux       ; --             ;
; IP_TOOL_VERSION                     ; 13.1                                                           ; --                   ; nios2_system_mm_interconnect_0_rsp_xbar_mux_001   ; --             ;
; IP_TOOL_VERSION                     ; 13.1                                                           ; --                   ; nios2_system_onchip_mem                           ; --             ;
; IP_TOOL_VERSION                     ; 13.1                                                           ; --                   ; nios2_system_sys_clk_timer                        ; --             ;
; IP_TOOL_VERSION                     ; 13.1                                                           ; --                   ; nios2_system_sysid                                ; --             ;
; MAX_CORE_JUNCTION_TEMP              ; 85                                                             ; --                   ; --                                                ; --             ;
; MIN_CORE_JUNCTION_TEMP              ; 0                                                              ; --                   ; --                                                ; --             ;
; MISC_FILE                           ; nios2_system/synthesis/../../nios2_system.cmp                  ; --                   ; --                                                ; --             ;
; MISC_FILE                           ; nios2_system/synthesis/../../nios2_system.qsys                 ; --                   ; --                                                ; --             ;
; NOMINAL_CORE_SUPPLY_VOLTAGE         ; 1.2V                                                           ; --                   ; --                                                ; --             ;
; PARTITION_COLOR                     ; 16764057                                                       ; --                   ; nios2_quartus2_project                            ; Top            ;
; PARTITION_FITTER_PRESERVATION_LEVEL ; PLACEMENT_AND_ROUTING                                          ; --                   ; nios2_quartus2_project                            ; Top            ;
; PARTITION_NETLIST_TYPE              ; SOURCE                                                         ; --                   ; nios2_quartus2_project                            ; Top            ;
; POWER_BOARD_THERMAL_MODEL           ; None (CONSERVATIVE)                                            ; --                   ; --                                                ; --             ;
; POWER_PRESET_COOLING_SOLUTION       ; 23 MM HEAT SINK WITH 200 LFPM AIRFLOW                          ; --                   ; --                                                ; --             ;
; PROJECT_OUTPUT_DIRECTORY            ; output_files                                                   ; --                   ; --                                                ; --             ;
; SLD_FILE                            ; nios2_system/synthesis/nios2_system.regmap                     ; --                   ; --                                                ; --             ;
; SLD_FILE                            ; nios2_system/synthesis/nios2_system.debuginfo                  ; --                   ; --                                                ; --             ;
; SLD_INFO                            ; QSYS_NAME nios2_system HAS_SOPCINFO 1 GENERATION_ID 1619608944 ; --                   ; nios2_system                                      ; --             ;
; SOPCINFO_FILE                       ; nios2_system/synthesis/../../nios2_system.sopcinfo             ; --                   ; --                                                ; --             ;
; SYNTHESIS_ONLY_QIP                  ; On                                                             ; --                   ; --                                                ; --             ;
; TOP_LEVEL_ENTITY                    ; nios2_quartus2_project                                         ; fpga_ip_demo_project ; --                                                ; --             ;
+-------------------------------------+----------------------------------------------------------------+----------------------+---------------------------------------------------+----------------+


+-------------------------------------------------------------------------------------------------------------------------------+
; Flow Elapsed Time                                                                                                             ;
+---------------------------+--------------+-------------------------+---------------------+------------------------------------+
; Module Name               ; Elapsed Time ; Average Processors Used ; Peak Virtual Memory ; Total CPU Time (on all processors) ;
+---------------------------+--------------+-------------------------+---------------------+------------------------------------+
; Analysis & Synthesis      ; 00:00:15     ; 1.0                     ; 482 MB              ; 00:00:15                           ;
; Fitter                    ; 00:00:22     ; 1.3                     ; 732 MB              ; 00:00:27                           ;
; Assembler                 ; 00:00:03     ; 1.0                     ; 375 MB              ; 00:00:02                           ;
; TimeQuest Timing Analyzer ; 00:00:05     ; 1.8                     ; 493 MB              ; 00:00:05                           ;
; Total                     ; 00:00:45     ; --                      ; --                  ; 00:00:49                           ;
+---------------------------+--------------+-------------------------+---------------------+------------------------------------+


+-----------------------------------------------------------------------------------------------+
; Flow OS Summary                                                                               ;
+---------------------------+------------------+------------------+------------+----------------+
; Module Name               ; Machine Hostname ; OS Name          ; OS Version ; Processor type ;
+---------------------------+------------------+------------------+------------+----------------+
; Analysis & Synthesis      ; ce147            ; Debian GNU/Linux ; 9          ; x86_64         ;
; Fitter                    ; ce147            ; Debian GNU/Linux ; 9          ; x86_64         ;
; Assembler                 ; ce147            ; Debian GNU/Linux ; 9          ; x86_64         ;
; TimeQuest Timing Analyzer ; ce147            ; Debian GNU/Linux ; 9          ; x86_64         ;
+---------------------------+------------------+------------------+------------+----------------+


------------
; Flow Log ;
------------
quartus_map --read_settings_files=on --write_settings_files=off fpga_ip_demo_project -c fpga_ip_demo_project
quartus_fit --read_settings_files=off --write_settings_files=off fpga_ip_demo_project -c fpga_ip_demo_project
quartus_asm --read_settings_files=off --write_settings_files=off fpga_ip_demo_project -c fpga_ip_demo_project
quartus_sta fpga_ip_demo_project -c fpga_ip_demo_project



